H:\CPP_PROJECTS\MYNEWOPENCV\MYNEWOPENCV\DEBUG\MAIN.OBJ
H:\CPP_PROJECTS\MYNEWOPENCV\MYNEWOPENCV\DEBUG\VC100.PDB
H:\CPP_PROJECTS\MYNEWOPENCV\DEBUG\MYNEWOPENCV.ILK
H:\CPP_PROJECTS\MYNEWOPENCV\DEBUG\MYNEWOPENCV.EXE
H:\CPP_PROJECTS\MYNEWOPENCV\MYNEWOPENCV\DEBUG\MYNEWOPENCV.EXE.INTERMEDIATE.MANIFEST
H:\CPP_PROJECTS\MYNEWOPENCV\DEBUG\MYNEWOPENCV.PDB
C:\Users\Vincent\Downloads\myNewOpenCV\myNewOpenCV\Debug\main.obj
C:\Users\Vincent\Downloads\myNewOpenCV\myNewOpenCV\Debug\cl.command.1.tlog
C:\Users\Vincent\Downloads\myNewOpenCV\myNewOpenCV\Debug\CL.read.1.tlog
C:\Users\Vincent\Downloads\myNewOpenCV\myNewOpenCV\Debug\CL.write.1.tlog
C:\Users\Vincent\Downloads\myNewOpenCV\myNewOpenCV\Debug\link.command.1.tlog
C:\Users\Vincent\Downloads\myNewOpenCV\myNewOpenCV\Debug\link.read.1.tlog
C:\Users\Vincent\Downloads\myNewOpenCV\myNewOpenCV\Debug\link.write.1.tlog
C:\Users\Vincent\Downloads\myNewOpenCV\myNewOpenCV\Debug\mt.command.1.tlog
C:\Users\Vincent\Downloads\myNewOpenCV\myNewOpenCV\Debug\mt.read.1.tlog
C:\Users\Vincent\Downloads\myNewOpenCV\myNewOpenCV\Debug\mt.write.1.tlog
C:\Users\Vincent\Downloads\myNewOpenCV\myNewOpenCV\Debug\myNewOpenCV.exe.intermediate.manifest
C:\Users\Vincent\Downloads\myNewOpenCV\myNewOpenCV\Debug\vc100.idb
C:\Users\Vincent\Downloads\myNewOpenCV\myNewOpenCV\Debug\vc100.pdb
C:\Users\Vincent\Downloads\myNewOpenCV\Debug\myNewOpenCV.exe
C:\Users\Vincent\Downloads\myNewOpenCV\Debug\myNewOpenCV.ilk
